nohup: ignoring input
WARNING: The private SSH key file for gcloud does not exist.
WARNING: The public SSH key file for gcloud does not exist.
WARNING: You do not have an SSH key for gcloud.
WARNING: SSH keygen will be executed to generate a key.
Generating public/private rsa key pair.
Your identification has been saved in /home/aditya/.ssh/google_compute_engine
Your public key has been saved in /home/aditya/.ssh/google_compute_engine.pub
The key fingerprint is:
SHA256:Mvj0EDGZxuJEyANqejAR3BN0n/2kgJj+T8//JEiUL78 aditya@aditya-HP-Pavilion-Laptop-14-dv2xxx
The key's randomart image is:
+---[RSA 3072]----+
|=+o=oooo         |
|.o+o* Boo .      |
|+. *.+.+ + .     |
|oo. .. .o =      |
|. ... = S+ o     |
| .  .o =. +      |
|     ..... o .   |
|      o o   +    |
|       . o.E..   |
+----[SHA256]-----+
Updating project ssh metadata...
.........................................Updated [https://www.googleapis.com/compute/v1/projects/phrasal-bivouac-489706-r8].
..done.
Waiting for SSH key to propagate.
WARNING: 

To increase the performance of the tunnel, consider installing NumPy. For instructions,
please see https://cloud.google.com/iap/docs/using-tcp-forwarding#increasing_the_tcp_upload_bandwidth

Warning: Permanently added 'compute.7931670422481304019' (ED25519) to the list of known hosts.
WARNING: 

To increase the performance of the tunnel, consider installing NumPy. For instructions,
please see https://cloud.google.com/iap/docs/using-tcp-forwarding#increasing_the_tcp_upload_bandwidth

